<?xml version="1.0" encoding="UTF-8"?>
<!-- Generated by org.testng.reporters.JUnitXMLReporter -->
<testsuite ignored="0" hostname="vijay" failures="0" tests="6" name="Free CRM App Test Cases" time="29.015" errors="0" timestamp="08 Mar 2024 10:23:32 GMT">
  <testcase classname="com.crm.qa.testcases.CustomerLoginPageTest" name="customerloginpagetest" time="1.665"/>
  <testcase classname="com.crm.qa.testcases.CustomerDepositTestcase" name="customerdeposit" time="2.287"/>
  <testcase classname="com.crm.qa.testcases.CustomerWithdrawlTestcase" name="customerwithdrawl" time="2.352"/>
  <testcase classname="com.crm.qa.testcases.AddToCustomerTestcase" name="addcustomer" time="1.994"/>
  <testcase classname="com.crm.qa.testcases.OpenAccountTestcase" name="openaccount" time="1.58"/>
  <testcase classname="com.crm.qa.testcases.SearchCustomersTestcase" name="searchcustomers" time="1.616"/>
</testsuite> <!-- Free CRM App Test Cases -->
