<?xml version="1.0" encoding="UTF-8"?>
<!-- Generated by org.testng.reporters.JUnitXMLReporter -->
<testsuite ignored="0" hostname="vijay" failures="0" tests="6" name="XYZ Bank Test Cases" time="31.619" errors="0" timestamp="07 Mar 2024 12:03:58 GMT">
  <testcase classname="com.crm.qa.testcases.CustomerLoginPageTest" name="customerloginpagetest" time="1.512"/>
  <testcase classname="com.crm.qa.testcases.CustomerDepositTestcase" name="customerloginpagetest" time="2.073"/>
  <testcase classname="com.crm.qa.testcases.CustomerWithdrawlTestcase" name="customerloginpagetest" time="1.863"/>
  <testcase classname="com.crm.qa.testcases.AddToCustomerTestcase" name="customerloginpagetest" time="1.686"/>
  <testcase classname="com.crm.qa.testcases.OpenAccountTestcase" name="customerloginpagetest" time="1.518"/>
  <testcase classname="com.crm.qa.testcases.SearchCustomersTestcase" name="customerloginpagetest" time="1.456"/>
</testsuite> <!-- XYZ Bank Test Cases -->
