<?xml version="1.0" encoding="UTF-8"?>
<!-- Generated by org.testng.reporters.JUnitXMLReporter -->
<testsuite ignored="0" hostname="vijay" failures="0" tests="6" name="Surefire test" time="39.535" errors="0" timestamp="08 Mar 2024 06:06:24 GMT">
  <testcase classname="com.crm.qa.testcases.CustomerLoginPageTest" name="customerloginpagetest" time="1.976"/>
  <testcase classname="com.crm.qa.testcases.CustomerDepositTestcase" name="customerdeposit" time="2.424"/>
  <testcase classname="com.crm.qa.testcases.CustomerWithdrawlTestcase" name="customerwithdrawl" time="3.109"/>
  <testcase classname="com.crm.qa.testcases.AddToCustomerTestcase" name="addcustomer" time="1.901"/>
  <testcase classname="com.crm.qa.testcases.OpenAccountTestcase" name="openaccount" time="2.53"/>
  <testcase classname="com.crm.qa.testcases.SearchCustomersTestcase" name="searchcustomers" time="1.656"/>
</testsuite> <!-- Surefire test -->
