<?xml version="1.0" encoding="UTF-8"?>
<!-- Generated by org.testng.reporters.JUnitXMLReporter -->
<testsuite ignored="0" hostname="vijay" failures="0" tests="6" name="XYZ Bank Test Cases" time="35.83" errors="0" timestamp="08 Mar 2024 03:48:15 GMT">
  <testcase classname="com.crm.qa.testcases.CustomerLoginPageTest" name="customerloginpagetest" time="1.497"/>
  <testcase classname="com.crm.qa.testcases.CustomerDepositTestcase" name="customerloginpagetest" time="1.922"/>
  <testcase classname="com.crm.qa.testcases.CustomerWithdrawlTestcase" name="customerloginpagetest" time="3.495"/>
  <testcase classname="com.crm.qa.testcases.AddToCustomerTestcase" name="customerloginpagetest" time="1.743"/>
  <testcase classname="com.crm.qa.testcases.OpenAccountTestcase" name="customerloginpagetest" time="1.539"/>
  <testcase classname="com.crm.qa.testcases.SearchCustomersTestcase" name="customerloginpagetest" time="1.365"/>
</testsuite> <!-- XYZ Bank Test Cases -->
