<?xml version="1.0" encoding="UTF-8"?>
<testng-results ignored="0" total="6" passed="6" failed="0" skipped="0">
  <reporter-output>
  </reporter-output>
  <suite started-at="2024-03-08T10:23:03Z" name="FREE CRM Application Test Automation Test Suite" finished-at="2024-03-08T10:23:32Z" duration-ms="29015">
    <groups>
    </groups>
    <test started-at="2024-03-08T10:23:03Z" name="Free CRM App Test Cases" finished-at="2024-03-08T10:23:32Z" duration-ms="29015">
      <class name="com.crm.qa.testcases.SearchCustomersTestcase">
        <test-method is-config="true" signature="setup()[pri:0, instance:com.crm.qa.testcases.SearchCustomersTestcase@318ba8c8]" started-at="2024-03-08T15:53:27Z" name="setup" finished-at="2024-03-08T15:53:30Z" duration-ms="2545" status="PASS">
          <reporter-output>
          </reporter-output>
        </test-method> <!-- setup -->
        <test-method signature="searchcustomers()[pri:1, instance:com.crm.qa.testcases.SearchCustomersTestcase@318ba8c8]" started-at="2024-03-08T15:53:30Z" name="searchcustomers" finished-at="2024-03-08T15:53:31Z" duration-ms="1616" status="PASS">
          <reporter-output>
          </reporter-output>
        </test-method> <!-- searchcustomers -->
        <test-method is-config="true" signature="tearDown()[pri:0, instance:com.crm.qa.testcases.SearchCustomersTestcase@318ba8c8]" started-at="2024-03-08T15:53:31Z" name="tearDown" finished-at="2024-03-08T15:53:32Z" duration-ms="216" status="PASS">
          <reporter-output>
          </reporter-output>
        </test-method> <!-- tearDown -->
      </class> <!-- com.crm.qa.testcases.SearchCustomersTestcase -->
      <class name="com.crm.qa.testcases.AddToCustomerTestcase">
        <test-method is-config="true" signature="setUp()[pri:0, instance:com.crm.qa.testcases.AddToCustomerTestcase@63a65a25]" started-at="2024-03-08T15:53:18Z" name="setUp" finished-at="2024-03-08T15:53:21Z" duration-ms="2473" status="PASS">
          <reporter-output>
          </reporter-output>
        </test-method> <!-- setUp -->
        <test-method signature="addcustomer()[pri:1, instance:com.crm.qa.testcases.AddToCustomerTestcase@63a65a25]" started-at="2024-03-08T15:53:21Z" name="addcustomer" finished-at="2024-03-08T15:53:23Z" duration-ms="1994" status="PASS">
          <reporter-output>
          </reporter-output>
        </test-method> <!-- addcustomer -->
        <test-method is-config="true" signature="tearDown()[pri:0, instance:com.crm.qa.testcases.AddToCustomerTestcase@63a65a25]" started-at="2024-03-08T15:53:23Z" name="tearDown" finished-at="2024-03-08T15:53:23Z" duration-ms="216" status="PASS">
          <reporter-output>
          </reporter-output>
        </test-method> <!-- tearDown -->
      </class> <!-- com.crm.qa.testcases.AddToCustomerTestcase -->
      <class name="com.crm.qa.testcases.CustomerLoginPageTest">
        <test-method is-config="true" signature="setUp()[pri:0, instance:com.crm.qa.testcases.CustomerLoginPageTest@25d250c6]" started-at="2024-03-08T15:53:03Z" name="setUp" finished-at="2024-03-08T15:53:06Z" duration-ms="3304" status="PASS">
          <reporter-output>
          </reporter-output>
        </test-method> <!-- setUp -->
        <test-method signature="customerloginpagetest()[pri:1, instance:com.crm.qa.testcases.CustomerLoginPageTest@25d250c6]" started-at="2024-03-08T15:53:06Z" name="customerloginpagetest" finished-at="2024-03-08T15:53:08Z" duration-ms="1665" status="PASS">
          <reporter-output>
          </reporter-output>
        </test-method> <!-- customerloginpagetest -->
        <test-method is-config="true" signature="tearDown()[pri:0, instance:com.crm.qa.testcases.CustomerLoginPageTest@25d250c6]" started-at="2024-03-08T15:53:08Z" name="tearDown" finished-at="2024-03-08T15:53:08Z" duration-ms="270" status="PASS">
          <reporter-output>
          </reporter-output>
        </test-method> <!-- tearDown -->
      </class> <!-- com.crm.qa.testcases.CustomerLoginPageTest -->
      <class name="com.crm.qa.testcases.CustomerDepositTestcase">
        <test-method is-config="true" signature="setUp()[pri:0, instance:com.crm.qa.testcases.CustomerDepositTestcase@4df50bcc]" started-at="2024-03-08T15:53:08Z" name="setUp" finished-at="2024-03-08T15:53:10Z" duration-ms="2574" status="PASS">
          <reporter-output>
          </reporter-output>
        </test-method> <!-- setUp -->
        <test-method signature="customerdeposit()[pri:1, instance:com.crm.qa.testcases.CustomerDepositTestcase@4df50bcc]" started-at="2024-03-08T15:53:10Z" name="customerdeposit" finished-at="2024-03-08T15:53:13Z" duration-ms="2287" status="PASS">
          <reporter-output>
          </reporter-output>
        </test-method> <!-- customerdeposit -->
        <test-method is-config="true" signature="tearDown()[pri:0, instance:com.crm.qa.testcases.CustomerDepositTestcase@4df50bcc]" started-at="2024-03-08T15:53:13Z" name="tearDown" finished-at="2024-03-08T15:53:13Z" duration-ms="228" status="PASS">
          <reporter-output>
          </reporter-output>
        </test-method> <!-- tearDown -->
      </class> <!-- com.crm.qa.testcases.CustomerDepositTestcase -->
      <class name="com.crm.qa.testcases.OpenAccountTestcase">
        <test-method is-config="true" signature="setUp()[pri:0, instance:com.crm.qa.testcases.OpenAccountTestcase@54c562f7]" started-at="2024-03-08T15:53:23Z" name="setUp" finished-at="2024-03-08T15:53:25Z" duration-ms="2520" status="PASS">
          <reporter-output>
          </reporter-output>
        </test-method> <!-- setUp -->
        <test-method signature="openaccount()[pri:1, instance:com.crm.qa.testcases.OpenAccountTestcase@54c562f7]" started-at="2024-03-08T15:53:25Z" name="openaccount" finished-at="2024-03-08T15:53:27Z" duration-ms="1580" status="PASS">
          <reporter-output>
          </reporter-output>
        </test-method> <!-- openaccount -->
        <test-method is-config="true" signature="tearDown()[pri:0, instance:com.crm.qa.testcases.OpenAccountTestcase@54c562f7]" started-at="2024-03-08T15:53:27Z" name="tearDown" finished-at="2024-03-08T15:53:27Z" duration-ms="237" status="PASS">
          <reporter-output>
          </reporter-output>
        </test-method> <!-- tearDown -->
      </class> <!-- com.crm.qa.testcases.OpenAccountTestcase -->
      <class name="com.crm.qa.testcases.CustomerWithdrawlTestcase">
        <test-method is-config="true" signature="setUp()[pri:0, instance:com.crm.qa.testcases.CustomerWithdrawlTestcase@6b26e945]" started-at="2024-03-08T15:53:13Z" name="setUp" finished-at="2024-03-08T15:53:16Z" duration-ms="2657" status="PASS">
          <reporter-output>
          </reporter-output>
        </test-method> <!-- setUp -->
        <test-method signature="customerwithdrawl()[pri:1, instance:com.crm.qa.testcases.CustomerWithdrawlTestcase@6b26e945]" started-at="2024-03-08T15:53:16Z" name="customerwithdrawl" finished-at="2024-03-08T15:53:18Z" duration-ms="2352" status="PASS">
          <reporter-output>
          </reporter-output>
        </test-method> <!-- customerwithdrawl -->
        <test-method is-config="true" signature="tearDown()[pri:0, instance:com.crm.qa.testcases.CustomerWithdrawlTestcase@6b26e945]" started-at="2024-03-08T15:53:18Z" name="tearDown" finished-at="2024-03-08T15:53:18Z" duration-ms="243" status="PASS">
          <reporter-output>
          </reporter-output>
        </test-method> <!-- tearDown -->
      </class> <!-- com.crm.qa.testcases.CustomerWithdrawlTestcase -->
    </test> <!-- Free CRM App Test Cases -->
  </suite> <!-- FREE CRM Application Test Automation Test Suite -->
</testng-results>
